2025-04-19 07:46:43.889 UTC [42] LOG:  starting PostgreSQL 14.17 on aarch64-unknown-linux-musl, compiled by gcc (Alpine 14.2.0) 14.2.0, 64-bit
2025-04-19 07:46:43.890 UTC [42] LOG:  listening on Unix socket "/var/run/postgresql/.s.PGSQL.5432"
2025-04-19 07:46:43.893 UTC [44] LOG:  database system was shut down at 2025-04-19 07:46:43 UTC
2025-04-19 07:46:43.893 UTC [44] DEBUG:  checkpoint record is at 0/17055D8
2025-04-19 07:46:43.893 UTC [44] DEBUG:  redo record is at 0/17055D8; shutdown true
2025-04-19 07:46:43.893 UTC [44] DEBUG:  next transaction ID: 734; next OID: 13824
2025-04-19 07:46:43.893 UTC [44] DEBUG:  next MultiXactId: 1; next MultiXactOffset: 0
2025-04-19 07:46:43.893 UTC [44] DEBUG:  oldest unfrozen transaction ID: 727, in database 1
2025-04-19 07:46:43.893 UTC [44] DEBUG:  oldest MultiXactId: 1, in database 1
2025-04-19 07:46:43.893 UTC [44] DEBUG:  commit timestamp Xid oldest/newest: 0/0
2025-04-19 07:46:43.893 UTC [44] DEBUG:  transaction ID wrap limit is 2147484374, limited by database with OID 1
2025-04-19 07:46:43.893 UTC [44] DEBUG:  MultiXactId wrap limit is 2147483648, limited by database with OID 1
2025-04-19 07:46:43.893 UTC [44] DEBUG:  starting up replication slots
2025-04-19 07:46:43.893 UTC [44] DEBUG:  xmin required by slots: data 0, catalog 0
2025-04-19 07:46:43.893 UTC [44] DEBUG:  MultiXactId wrap limit is 2147483648, limited by database with OID 1
2025-04-19 07:46:43.893 UTC [44] DEBUG:  MultiXact member stop limit is now 4294914944 based on MultiXact 1
2025-04-19 07:46:43.898 UTC [42] DEBUG:  starting background worker process "logical replication launcher"
2025-04-19 07:46:43.898 UTC [48] DEBUG:  autovacuum launcher started
2025-04-19 07:46:43.898 UTC [42] LOG:  database system is ready to accept connections
2025-04-19 07:46:43.899 UTC [50] DEBUG:  logical replication launcher started
2025-04-19 07:46:43.987 UTC [53] LOG:  statement: SELECT 1 FROM pg_database WHERE datname = 'powerball' ;
2025-04-19 07:46:43.991 UTC [55] LOG:  statement: CREATE DATABASE "powerball" ;
2025-04-19 07:46:43.992 UTC [45] DEBUG:  performing replication slot checkpoint
2025-04-19 07:46:44.037 UTC [45] DEBUG:  performing replication slot checkpoint
2025-04-19 07:46:44.040 UTC [42] LOG:  received fast shutdown request
2025-04-19 07:46:44.041 UTC [42] LOG:  aborting any active transactions
2025-04-19 07:46:44.041 UTC [50] DEBUG:  logical replication launcher shutting down
2025-04-19 07:46:44.041 UTC [48] DEBUG:  autovacuum launcher shutting down
2025-04-19 07:46:44.042 UTC [42] LOG:  background worker "logical replication launcher" (PID 50) exited with exit code 1
2025-04-19 07:46:44.043 UTC [45] LOG:  shutting down
2025-04-19 07:46:44.044 UTC [45] DEBUG:  performing replication slot checkpoint
2025-04-19 07:46:44.049 UTC [42] LOG:  database system is shut down
2025-04-19 07:46:44.049 UTC [43] DEBUG:  logger shutting down
