2025-04-19 18:32:08.971 UTC [41] LOG:  starting PostgreSQL 14.17 on aarch64-unknown-linux-musl, compiled by gcc (Alpine 14.2.0) 14.2.0, 64-bit
2025-04-19 18:32:08.974 UTC [41] LOG:  listening on Unix socket "/var/run/postgresql/.s.PGSQL.5432"
2025-04-19 18:32:08.978 UTC [43] LOG:  database system was shut down at 2025-04-19 18:32:08 UTC
2025-04-19 18:32:08.978 UTC [43] DEBUG:  checkpoint record is at 0/17055D8
2025-04-19 18:32:08.978 UTC [43] DEBUG:  redo record is at 0/17055D8; shutdown true
2025-04-19 18:32:08.978 UTC [43] DEBUG:  next transaction ID: 734; next OID: 13824
2025-04-19 18:32:08.978 UTC [43] DEBUG:  next MultiXactId: 1; next MultiXactOffset: 0
2025-04-19 18:32:08.978 UTC [43] DEBUG:  oldest unfrozen transaction ID: 727, in database 1
2025-04-19 18:32:08.978 UTC [43] DEBUG:  oldest MultiXactId: 1, in database 1
2025-04-19 18:32:08.978 UTC [43] DEBUG:  commit timestamp Xid oldest/newest: 0/0
2025-04-19 18:32:08.978 UTC [43] DEBUG:  transaction ID wrap limit is 2147484374, limited by database with OID 1
2025-04-19 18:32:08.978 UTC [43] DEBUG:  MultiXactId wrap limit is 2147483648, limited by database with OID 1
2025-04-19 18:32:08.978 UTC [43] DEBUG:  starting up replication slots
2025-04-19 18:32:08.978 UTC [43] DEBUG:  xmin required by slots: data 0, catalog 0
2025-04-19 18:32:08.978 UTC [43] DEBUG:  MultiXactId wrap limit is 2147483648, limited by database with OID 1
2025-04-19 18:32:08.978 UTC [43] DEBUG:  MultiXact member stop limit is now 4294914944 based on MultiXact 1
2025-04-19 18:32:08.981 UTC [41] DEBUG:  starting background worker process "logical replication launcher"
2025-04-19 18:32:08.981 UTC [41] LOG:  database system is ready to accept connections
2025-04-19 18:32:08.981 UTC [47] DEBUG:  autovacuum launcher started
2025-04-19 18:32:08.983 UTC [49] DEBUG:  logical replication launcher started
2025-04-19 18:32:09.055 UTC [52] LOG:  statement: SELECT 1 FROM pg_database WHERE datname = 'powerball' ;
2025-04-19 18:32:09.063 UTC [54] LOG:  statement: CREATE DATABASE "powerball" ;
2025-04-19 18:32:09.066 UTC [44] DEBUG:  performing replication slot checkpoint
2025-04-19 18:32:09.211 UTC [44] DEBUG:  performing replication slot checkpoint
2025-04-19 18:32:09.230 UTC [41] LOG:  received fast shutdown request
2025-04-19 18:32:09.233 UTC [41] LOG:  aborting any active transactions
2025-04-19 18:32:09.233 UTC [49] DEBUG:  logical replication launcher shutting down
2025-04-19 18:32:09.233 UTC [47] DEBUG:  autovacuum launcher shutting down
2025-04-19 18:32:09.236 UTC [41] LOG:  background worker "logical replication launcher" (PID 49) exited with exit code 1
2025-04-19 18:32:09.237 UTC [44] LOG:  shutting down
2025-04-19 18:32:09.238 UTC [44] DEBUG:  performing replication slot checkpoint
2025-04-19 18:32:09.251 UTC [41] LOG:  database system is shut down
2025-04-19 18:32:09.253 UTC [42] DEBUG:  logger shutting down
