2025-04-19 18:32:09.394 UTC [1] LOG:  starting PostgreSQL 14.17 on aarch64-unknown-linux-musl, compiled by gcc (Alpine 14.2.0) 14.2.0, 64-bit
2025-04-19 18:32:09.394 UTC [1] LOG:  listening on IPv4 address "0.0.0.0", port 5432
2025-04-19 18:32:09.394 UTC [1] LOG:  listening on IPv6 address "::", port 5432
2025-04-19 18:32:09.402 UTC [1] LOG:  listening on Unix socket "/var/run/postgresql/.s.PGSQL.5432"
2025-04-19 18:32:09.413 UTC [58] LOG:  database system was shut down at 2025-04-19 18:32:09 UTC
2025-04-19 18:32:09.413 UTC [58] DEBUG:  checkpoint record is at 0/1705EA0
2025-04-19 18:32:09.413 UTC [58] DEBUG:  redo record is at 0/1705EA0; shutdown true
2025-04-19 18:32:09.413 UTC [58] DEBUG:  next transaction ID: 735; next OID: 16385
2025-04-19 18:32:09.413 UTC [58] DEBUG:  next MultiXactId: 1; next MultiXactOffset: 0
2025-04-19 18:32:09.413 UTC [58] DEBUG:  oldest unfrozen transaction ID: 727, in database 1
2025-04-19 18:32:09.413 UTC [58] DEBUG:  oldest MultiXactId: 1, in database 1
2025-04-19 18:32:09.413 UTC [58] DEBUG:  commit timestamp Xid oldest/newest: 0/0
2025-04-19 18:32:09.413 UTC [58] DEBUG:  transaction ID wrap limit is 2147484374, limited by database with OID 1
2025-04-19 18:32:09.413 UTC [58] DEBUG:  MultiXactId wrap limit is 2147483648, limited by database with OID 1
2025-04-19 18:32:09.413 UTC [58] DEBUG:  starting up replication slots
2025-04-19 18:32:09.413 UTC [58] DEBUG:  xmin required by slots: data 0, catalog 0
2025-04-19 18:32:09.414 UTC [58] DEBUG:  MultiXactId wrap limit is 2147483648, limited by database with OID 1
2025-04-19 18:32:09.414 UTC [58] DEBUG:  MultiXact member stop limit is now 4294914944 based on MultiXact 1
2025-04-19 18:32:09.423 UTC [62] DEBUG:  autovacuum launcher started
2025-04-19 18:32:09.424 UTC [1] DEBUG:  starting background worker process "logical replication launcher"
2025-04-19 18:32:09.424 UTC [1] LOG:  database system is ready to accept connections
2025-04-19 18:32:09.424 UTC [64] DEBUG:  logical replication launcher started
2025-04-19 18:33:09.469 UTC [106] DEBUG:  autovacuum: processing database "postgres"
2025-04-19 18:34:09.563 UTC [149] DEBUG:  autovacuum: processing database "powerball"
2025-04-19 18:34:39.594 UTC [171] DEBUG:  autovacuum: processing database "postgres"
2025-04-19 18:35:09.594 UTC [193] DEBUG:  autovacuum: processing database "powerball"
2025-04-19 18:35:39.610 UTC [208] DEBUG:  autovacuum: processing database "postgres"
2025-04-19 18:36:09.617 UTC [230] DEBUG:  autovacuum: processing database "powerball"
2025-04-19 18:36:39.635 UTC [251] DEBUG:  autovacuum: processing database "postgres"
2025-04-19 18:37:09.490 UTC [59] DEBUG:  performing replication slot checkpoint
2025-04-19 18:37:09.651 UTC [273] DEBUG:  autovacuum: processing database "powerball"
2025-04-19 18:37:39.632 UTC [295] DEBUG:  autovacuum: processing database "postgres"
2025-04-19 18:38:09.660 UTC [317] DEBUG:  autovacuum: processing database "powerball"
2025-04-19 18:38:39.621 UTC [340] DEBUG:  autovacuum: processing database "postgres"
2025-04-19 18:39:09.680 UTC [362] DEBUG:  autovacuum: processing database "powerball"
2025-04-19 18:39:39.668 UTC [384] DEBUG:  autovacuum: processing database "postgres"
2025-04-19 18:40:09.691 UTC [406] DEBUG:  autovacuum: processing database "powerball"
2025-04-19 18:40:39.676 UTC [428] DEBUG:  autovacuum: processing database "postgres"
2025-04-19 18:40:55.975 UTC [1] LOG:  received fast shutdown request
2025-04-19 18:40:55.978 UTC [1] LOG:  aborting any active transactions
2025-04-19 18:40:55.979 UTC [62] DEBUG:  autovacuum launcher shutting down
2025-04-19 18:40:55.980 UTC [64] DEBUG:  logical replication launcher shutting down
2025-04-19 18:40:55.983 UTC [1] LOG:  background worker "logical replication launcher" (PID 64) exited with exit code 1
2025-04-19 18:40:55.984 UTC [59] LOG:  shutting down
2025-04-19 18:40:55.987 UTC [59] DEBUG:  performing replication slot checkpoint
2025-04-19 18:40:56.023 UTC [1] LOG:  database system is shut down
