2025-04-19 08:13:48.088 UTC [1] LOG:  starting PostgreSQL 14.17 on aarch64-unknown-linux-musl, compiled by gcc (Alpine 14.2.0) 14.2.0, 64-bit
2025-04-19 08:13:48.088 UTC [1] LOG:  listening on IPv4 address "0.0.0.0", port 5432
2025-04-19 08:13:48.088 UTC [1] LOG:  listening on IPv6 address "::", port 5432
2025-04-19 08:13:48.092 UTC [1] LOG:  listening on Unix socket "/var/run/postgresql/.s.PGSQL.5432"
2025-04-19 08:13:48.095 UTC [57] LOG:  database system was shut down at 2025-04-19 08:13:47 UTC
2025-04-19 08:13:48.095 UTC [57] DEBUG:  checkpoint record is at 0/1705EA0
2025-04-19 08:13:48.095 UTC [57] DEBUG:  redo record is at 0/1705EA0; shutdown true
2025-04-19 08:13:48.095 UTC [57] DEBUG:  next transaction ID: 735; next OID: 16385
2025-04-19 08:13:48.095 UTC [57] DEBUG:  next MultiXactId: 1; next MultiXactOffset: 0
2025-04-19 08:13:48.095 UTC [57] DEBUG:  oldest unfrozen transaction ID: 727, in database 1
2025-04-19 08:13:48.095 UTC [57] DEBUG:  oldest MultiXactId: 1, in database 1
2025-04-19 08:13:48.095 UTC [57] DEBUG:  commit timestamp Xid oldest/newest: 0/0
2025-04-19 08:13:48.095 UTC [57] DEBUG:  transaction ID wrap limit is 2147484374, limited by database with OID 1
2025-04-19 08:13:48.095 UTC [57] DEBUG:  MultiXactId wrap limit is 2147483648, limited by database with OID 1
2025-04-19 08:13:48.095 UTC [57] DEBUG:  starting up replication slots
2025-04-19 08:13:48.095 UTC [57] DEBUG:  xmin required by slots: data 0, catalog 0
2025-04-19 08:13:48.095 UTC [57] DEBUG:  MultiXactId wrap limit is 2147483648, limited by database with OID 1
2025-04-19 08:13:48.095 UTC [57] DEBUG:  MultiXact member stop limit is now 4294914944 based on MultiXact 1
2025-04-19 08:13:48.097 UTC [1] DEBUG:  starting background worker process "logical replication launcher"
2025-04-19 08:13:48.097 UTC [61] DEBUG:  autovacuum launcher started
2025-04-19 08:13:48.097 UTC [1] LOG:  database system is ready to accept connections
2025-04-19 08:13:48.097 UTC [63] DEBUG:  logical replication launcher started
2025-04-19 08:14:48.167 UTC [106] DEBUG:  autovacuum: processing database "postgres"
2025-04-19 08:15:48.182 UTC [149] DEBUG:  autovacuum: processing database "powerball"
2025-04-19 08:15:57.715 UTC [1] LOG:  received fast shutdown request
2025-04-19 08:15:57.717 UTC [1] LOG:  aborting any active transactions
2025-04-19 08:15:57.719 UTC [61] DEBUG:  autovacuum launcher shutting down
2025-04-19 08:15:57.722 UTC [63] DEBUG:  logical replication launcher shutting down
2025-04-19 08:15:57.733 UTC [1] LOG:  background worker "logical replication launcher" (PID 63) exited with exit code 1
2025-04-19 08:15:57.734 UTC [58] LOG:  shutting down
2025-04-19 08:15:57.745 UTC [58] DEBUG:  performing replication slot checkpoint
2025-04-19 08:15:57.773 UTC [1] LOG:  database system is shut down
